[debug] [2025-05-15T04:12:13.028Z] ----------------------------------------------------------------------
[debug] [2025-05-15T04:12:13.030Z] Command:       C:\Program Files\nodejs\node.exe C:\Users\ADMIN\AppData\Roaming\npm\node_modules\firebase-tools\lib\bin\firebase.js init
[debug] [2025-05-15T04:12:13.031Z] CLI Version:   14.3.1
[debug] [2025-05-15T04:12:13.031Z] Platform:      win32
[debug] [2025-05-15T04:12:13.031Z] Node Version:  v22.14.0
[debug] [2025-05-15T04:12:13.031Z] Time:          Thu May 15 2025 11:12:13 GMT+0700 (Indochina Time)
[debug] [2025-05-15T04:12:13.031Z] ----------------------------------------------------------------------
[debug] 
[debug] [2025-05-15T04:12:13.036Z] > command requires scopes: ["email","openid","https://www.googleapis.com/auth/cloudplatformprojects.readonly","https://www.googleapis.com/auth/firebase","https://www.googleapis.com/auth/cloud-platform"]
[debug] [2025-05-15T04:12:13.037Z] > authorizing via signed-in user (dangminhchien295@gmail.com)
[info] 
     ######## #### ########  ######## ########     ###     ######  ########
     ##        ##  ##     ## ##       ##     ##  ##   ##  ##       ##
     ######    ##  ########  ######   ########  #########  ######  ######
     ##        ##  ##    ##  ##       ##     ## ##     ##       ## ##
     ##       #### ##     ## ######## ########  ##     ##  ######  ########

You're about to initialize a Firebase project in this directory:

  D:\du lieu cua chien\DoAnTotNghiep\admin_petcare

[info] 
=== Project Setup
[info] 
[info] First, let's associate this project directory with a Firebase project.
[info] You can create multiple project aliases by running firebase use --add, 
[info] but for now we'll just set up a default project.
[info] 
[debug] [2025-05-15T04:17:55.643Z] Checked if tokens are valid: true, expires at: 1747285916934
[debug] [2025-05-15T04:17:55.643Z] Checked if tokens are valid: true, expires at: 1747285916934
[debug] [2025-05-15T04:17:55.645Z] >>> [apiv2][query] GET https://firebase.googleapis.com/v1beta1/projects pageSize=100
[debug] [2025-05-15T04:17:56.407Z] <<< [apiv2][status] GET https://firebase.googleapis.com/v1beta1/projects 200
[debug] [2025-05-15T04:17:56.408Z] <<< [apiv2][body] GET https://firebase.googleapis.com/v1beta1/projects [omitted]
[info] i  Using project bookingpetcare (bookingpetcare) 
[info] 
=== Hosting Setup
[debug] [2025-05-15T04:18:19.945Z] Checked if tokens are valid: true, expires at: 1747285916934
[debug] [2025-05-15T04:18:19.945Z] Checked if tokens are valid: true, expires at: 1747285916934
[debug] [2025-05-15T04:18:19.945Z] >>> [apiv2][query] GET https://firebase.googleapis.com/v1beta1/projects/bookingpetcare [none]
[debug] [2025-05-15T04:18:20.297Z] <<< [apiv2][status] GET https://firebase.googleapis.com/v1beta1/projects/bookingpetcare 200
[debug] [2025-05-15T04:18:20.297Z] <<< [apiv2][body] GET https://firebase.googleapis.com/v1beta1/projects/bookingpetcare {"projectId":"bookingpetcare","projectNumber":"591804418697","displayName":"bookingpetcare","name":"projects/bookingpetcare","resources":{"hostingSite":"bookingpetcare"},"state":"ACTIVE","etag":"1_a174ff45-3e59-4ac9-b39b-0d59ca849a69"}
[info] 
[info] Your public directory is the folder (relative to your project directory) that
[info] will contain Hosting assets to be uploaded with firebase deploy. If you
[info] have a build process for your assets, use your build's output directory.
[info] 
[debug] [2025-05-15T04:19:32.516Z] >>> [apiv2][query] GET https://www.gstatic.com/firebasejs/releases.json [none]
[debug] [2025-05-15T04:19:32.645Z] <<< [apiv2][status] GET https://www.gstatic.com/firebasejs/releases.json 200
[debug] [2025-05-15T04:19:32.645Z] <<< [apiv2][body] GET https://www.gstatic.com/firebasejs/releases.json {"current":{"version":"11.7.3","browserURL":"https://www.gstatic.com/firebasejs/11.7.3/firebase.js","packageURL":"https://www.gstatic.com/firebasejs/11.7.3/firebase.tgz"},"live":{"version":"11.7","browserURL":"https://www.gstatic.com/firebasejs/live/11.7/firebase.js","packageURL":"https://www.gstatic.com/firebasejs/live/11.7/firebase.tgz"},"components":{"analytics":"https://www.gstatic.com/firebasejs/11.7.3/firebase-analytics.js","app":"https://www.gstatic.com/firebasejs/11.7.3/firebase-app.js","app-check":"https://www.gstatic.com/firebasejs/11.7.3/firebase-app-check.js","auth":"https://www.gstatic.com/firebasejs/11.7.3/firebase-auth.js","auth/cordova":"https://www.gstatic.com/firebasejs/11.7.3/firebase-auth/cordova.js","auth/web-extension":"https://www.gstatic.com/firebasejs/11.7.3/firebase-auth/web-extension.js","functions":"https://www.gstatic.com/firebasejs/11.7.3/firebase-functions.js","firestore":"https://www.gstatic.com/firebasejs/11.7.3/firebase-firestore.js","firestore/lite":"https://www.gstatic.com/firebasejs/11.7.3/firebase-firestore/lite.js","installations":"https://www.gstatic.com/firebasejs/11.7.3/firebase-installations.js","storage":"https://www.gstatic.com/firebasejs/11.7.3/firebase-storage.js","performance":"https://www.gstatic.com/firebasejs/11.7.3/firebase-performance.js","remote-config":"https://www.gstatic.com/firebasejs/11.7.3/firebase-remote-config.js","messaging":"https://www.gstatic.com/firebasejs/11.7.3/firebase-messaging.js","messaging/sw":"https://www.gstatic.com/firebasejs/11.7.3/firebase-messaging/sw.js","database":"https://www.gstatic.com/firebasejs/11.7.3/firebase-database.js","vertexai":"https://www.gstatic.com/firebasejs/11.7.3/firebase-vertexai.js","data-connect":"https://www.gstatic.com/firebasejs/11.7.3/firebase-data-connect.js","firestore.memory":"https://www.gstatic.com/firebasejs/11.7.3/firebase-firestore.memory.js"}}
[info] +  Wrote build/index.html 
[info] 
[info] i  Didn't detect a .git folder. Assuming D:\du lieu cua chien\DoAnTotNghiep\admin_petcare is the project root. 
[info] i  Authorizing with GitHub to upload your service account to a GitHub repository's secrets store. 
[info] 
[info] Visit this URL on this device to log in:
[info] https://github.com/login/oauth/authorize?client_id=89cf50f02ac6aaed3484&state=682033321&redirect_uri=http%3A%2F%2Flocalhost%3A9005&scope=read%3Auser%20repo%20public_repo
[info] 
[info] Waiting for authentication...
[debug] [2025-05-15T04:22:08.850Z] >>> [apiv2][query] POST https://github.com/login/oauth/access_token [none]
[debug] [2025-05-15T04:22:08.851Z] >>> [apiv2][body] POST https://github.com/login/oauth/access_token [stream]
[debug] [2025-05-15T04:22:09.329Z] <<< [apiv2][status] POST https://github.com/login/oauth/access_token 200
[debug] [2025-05-15T04:22:09.329Z] <<< [apiv2][body] POST https://github.com/login/oauth/access_token {"access_token":"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","token_type":"bearer","scope":"read:user,repo"}
[debug] [2025-05-15T04:22:09.334Z] >>> [apiv2][query] GET https://api.github.com/user [none]
[debug] [2025-05-15T04:22:09.852Z] <<< [apiv2][status] GET https://api.github.com/user 200
[debug] [2025-05-15T04:22:09.852Z] <<< [apiv2][body] GET https://api.github.com/user {"login":"dangminhchien2003","id":130963341,"node_id":"U_kgDOB85XjQ","avatar_url":"https://avatars.githubusercontent.com/u/130963341?v=4","gravatar_id":"","url":"https://api.github.com/users/dangminhchien2003","html_url":"https://github.com/dangminhchien2003","followers_url":"https://api.github.com/users/dangminhchien2003/followers","following_url":"https://api.github.com/users/dangminhchien2003/following{/other_user}","gists_url":"https://api.github.com/users/dangminhchien2003/gists{/gist_id}","starred_url":"https://api.github.com/users/dangminhchien2003/starred{/owner}{/repo}","subscriptions_url":"https://api.github.com/users/dangminhchien2003/subscriptions","organizations_url":"https://api.github.com/users/dangminhchien2003/orgs","repos_url":"https://api.github.com/users/dangminhchien2003/repos","events_url":"https://api.github.com/users/dangminhchien2003/events{/privacy}","received_events_url":"https://api.github.com/users/dangminhchien2003/received_events","type":"User","user_view_type":"private","site_admin":false,"name":"Đặng Minh Chiến","company":null,"blog":"","location":"Hưng Yên","email":null,"hireable":null,"bio":null,"twitter_username":null,"notification_email":null,"public_repos":4,"public_gists":0,"followers":0,"following":0,"created_at":"2023-04-17T06:42:42Z","updated_at":"2025-05-04T11:01:30Z","private_gists":0,"total_private_repos":0,"owned_private_repos":0,"disk_usage":17616,"collaborators":0,"two_factor_authentication":false,"plan":{"name":"free","space":976562499,"collaborators":0,"private_repos":10000}}
[info] 
[info] +  Success! Logged into GitHub as dangminhchien2003 
[info] 
[debug] [2025-05-15T04:24:21.559Z] >>> [apiv2][query] GET https://api.github.com/repos//actions/secrets/public-key type=owner
[debug] [2025-05-15T04:24:21.996Z] <<< [apiv2][status] GET https://api.github.com/repos//actions/secrets/public-key 404
[debug] [2025-05-15T04:24:21.997Z] <<< [apiv2][body] GET https://api.github.com/repos//actions/secrets/public-key {"message":"Not Found","documentation_url":"https://docs.github.com/rest","status":"404"}
[info] 
[info] 
[error] !  The provided authorization cannot be used with this repository. If this repository is in an organization, did you remember to grant access? 
[info] 
[info] i  Action required: Visit this URL to ensure access has been granted to the appropriate organization(s) for the Firebase CLI GitHub OAuth App: 
[info] https://github.com/settings/connections/applications/89cf50f02ac6aaed3484
[info] 
[debug] [2025-05-15T04:25:43.356Z] ExitPromptError: User force closed the prompt with SIGINT
    at Interface.sigint (C:\Users\ADMIN\AppData\Roaming\npm\node_modules\firebase-tools\node_modules\@inquirer\core\dist\commonjs\lib\create-prompt.js:100:37)
    at Interface.emit (node:events:518:28)
    at Interface.emit (node:domain:489:12)
    at [_ttyWrite] [as _ttyWrite] (node:internal/readline/interface:1124:18)
    at ReadStream.onkeypress (node:internal/readline/interface:263:20)
    at ReadStream.emit (node:events:530:35)
    at ReadStream.emit (node:domain:489:12)
    at emitKeys (node:internal/readline/utils:370:14)
    at emitKeys.next (<anonymous>)
    at ReadStream.onData (node:internal/readline/emitKeypressEvents:64:36)
[error] 
[error] Error: An unexpected error has occurred.
